<?xml version="1.0" encoding="UTF-8"?>
<!-- Generated by org.testng.reporters.JUnitXMLReporter -->
<testsuite ignored="0" hostname="DESKTOP-14N1F2H" failures="1" tests="1" name="Adding customer" time="7.609" errors="0" timestamp="2024-04-02T22:44:38 EDT">
  <testcase classname="com.pro.testcases.HomePageTest" name="TestBankManagerLogin" time="0.537">
    <failure type="java.lang.NullPointerException" message="Cannot invoke &amp;quot;org.apache.poi.xssf.usermodel.XSSFCell.getStringCellValue()&amp;quot; because the return value of &amp;quot;org.apache.poi.xssf.usermodel.XSSFRow.getCell(int)&amp;quot; is null">
      <![CDATA[java.lang.NullPointerException: Cannot invoke "org.apache.poi.xssf.usermodel.XSSFCell.getStringCellValue()" because the return value of "org.apache.poi.xssf.usermodel.XSSFRow.getCell(int)" is null
at com.pro.Utilities.ExcelDataProvider.getStringData(ExcelDataProvider.java:31)
at com.pro.testcases.HomePageTest.TestBankManagerLogin(HomePageTest.java:30)
at java.base/java.util.ArrayList.forEach(ArrayList.java:1511)
... Removed 27 stack frames]]>
    </failure>
  </testcase> <!-- TestBankManagerLogin -->
</testsuite> <!-- Adding customer -->
