<?xml version="1.0" encoding="UTF-8"?>
<testng-results ignored="0" total="1" passed="1" failed="0" skipped="0">
  <reporter-output>
  </reporter-output>
  <suite started-at="2024-04-05T04:48:31 EDT" name="Suite" finished-at="2024-04-05T04:48:41 EDT" duration-ms="9575">
    <groups>
    </groups>
    <test started-at="2024-04-05T04:48:31 EDT" name="Test" finished-at="2024-04-05T04:48:41 EDT" duration-ms="9575">
      <class name="com.pro.testcases.LoginTest">
        <test-method is-config="true" signature="setup()[pri:0, instance:com.pro.testcases.LoginTest@25ce9dc4]" started-at="2024-04-05T04:48:31 EDT" name="setup" finished-at="2024-04-05T04:48:36 EDT" duration-ms="4841" status="PASS">
          <reporter-output>
          </reporter-output>
        </test-method> <!-- setup -->
        <test-method signature="VerifyLogin()[pri:0, instance:com.pro.testcases.LoginTest@25ce9dc4]" started-at="2024-04-05T04:48:36 EDT" name="VerifyLogin" finished-at="2024-04-05T04:48:40 EDT" duration-ms="3757" status="PASS">
          <reporter-output>
          </reporter-output>
        </test-method> <!-- VerifyLogin -->
        <test-method is-config="true" signature="Teardown()[pri:0, instance:com.pro.testcases.LoginTest@25ce9dc4]" started-at="2024-04-05T04:48:40 EDT" name="Teardown" finished-at="2024-04-05T04:48:41 EDT" duration-ms="734" status="PASS">
          <reporter-output>
          </reporter-output>
        </test-method> <!-- Teardown -->
      </class> <!-- com.pro.testcases.LoginTest -->
    </test> <!-- Test -->
  </suite> <!-- Suite -->
</testng-results>
